<?xml version="1.0" encoding="UTF-8"?>
<beans xmlns="http://www.springframework.org/schema/beans"
       xmlns:xsi="http://www.w3.org/2001/XMLSchema-instance"
       xsi:schemaLocation="http://www.springframework.org/schema/beans
       https://www.springframework.org/schema/beans/spring-beans.xsd">

    <bean id="nurseRowMapper" class="com.epam.hospital.mapper.NurseRowMapper"/>
    <bean id="patientRowMapper" class="com.epam.hospital.mapper.PatientRowMapper"/>

    <bean id="namedParameterJdbcTemplate" class="org.springframework.jdbc.core.namedparam.NamedParameterJdbcTemplate">
        <constructor-arg ref="dataSource"/>
    </bean>

    <bean id="nurseDao" class="com.epam.hospital.dao.NurseDaoJDBCImpl">
        <constructor-arg index="0" ref="namedParameterJdbcTemplate"/>
        <constructor-arg index="1" ref="nurseRowMapper"/>
    </bean>

    <bean id="patientDao" class="com.epam.hospital.dao.PatientDaoJDBCImpl">
        <constructor-arg index="0" ref="namedParameterJdbcTemplate"/>
        <constructor-arg index="1" ref="patientRowMapper"/>
    </bean>

</beans>